c:\users\metin\desktop\oopfinal\oop-proje\oop-proje\x64\debug\vc143.pdb
c:\users\metin\desktop\oopfinal\oop-proje\oop-proje\x64\debug\vc143.idb
c:\users\metin\desktop\oopfinal\oop-proje\oop-proje\x64\debug\shoppingcart.obj
c:\users\metin\desktop\oopfinal\oop-proje\oop-proje\x64\debug\producttopurchase.obj
c:\users\metin\desktop\oopfinal\oop-proje\oop-proje\x64\debug\product.obj
c:\users\metin\desktop\oopfinal\oop-proje\oop-proje\x64\debug\payment.obj
c:\users\metin\desktop\oopfinal\oop-proje\oop-proje\x64\debug\musiccd.obj
c:\users\metin\desktop\oopfinal\oop-proje\oop-proje\x64\debug\main.obj
c:\users\metin\desktop\oopfinal\oop-proje\oop-proje\x64\debug\magazine.obj
c:\users\metin\desktop\oopfinal\oop-proje\oop-proje\x64\debug\customer.obj
c:\users\metin\desktop\oopfinal\oop-proje\oop-proje\x64\debug\creditcard.obj
c:\users\metin\desktop\oopfinal\oop-proje\oop-proje\x64\debug\check.obj
c:\users\metin\desktop\oopfinal\oop-proje\oop-proje\x64\debug\cash.obj
c:\users\metin\desktop\oopfinal\oop-proje\oop-proje\x64\debug\book.obj
c:\users\metin\desktop\oopfinal\oop-proje\x64\debug\oop-proje.exe
c:\users\metin\desktop\oopfinal\oop-proje\x64\debug\oop-proje.pdb
c:\users\metin\desktop\oopfinal\oop-proje\oop-proje\x64\debug\oop-proje.ilk
c:\users\metin\desktop\oopfinal\oop-proje\oop-proje\x64\debug\oop-proje.tlog\cl.command.1.tlog
c:\users\metin\desktop\oopfinal\oop-proje\oop-proje\x64\debug\oop-proje.tlog\cl.items.tlog
c:\users\metin\desktop\oopfinal\oop-proje\oop-proje\x64\debug\oop-proje.tlog\cl.read.1.tlog
c:\users\metin\desktop\oopfinal\oop-proje\oop-proje\x64\debug\oop-proje.tlog\cl.write.1.tlog
c:\users\metin\desktop\oopfinal\oop-proje\oop-proje\x64\debug\oop-proje.tlog\link.command.1.tlog
c:\users\metin\desktop\oopfinal\oop-proje\oop-proje\x64\debug\oop-proje.tlog\link.read.1.tlog
c:\users\metin\desktop\oopfinal\oop-proje\oop-proje\x64\debug\oop-proje.tlog\link.secondary.1.tlog
c:\users\metin\desktop\oopfinal\oop-proje\oop-proje\x64\debug\oop-proje.tlog\link.write.1.tlog
